mode: set
github.com/aysf/bwago/cmd/web/main.go:22.13,25.16 2 0
github.com/aysf/bwago/cmd/web/main.go:29.2,38.16 4 0
github.com/aysf/bwago/cmd/web/main.go:25.16,27.3 1 0
github.com/aysf/bwago/cmd/web/main.go:38.16,40.3 1 0
github.com/aysf/bwago/cmd/web/main.go:43.18,59.16 10 1
github.com/aysf/bwago/cmd/web/main.go:64.2,79.12 7 1
github.com/aysf/bwago/cmd/web/main.go:59.16,62.3 2 0
github.com/aysf/bwago/cmd/web/middleware.go:11.49,12.72 1 1
github.com/aysf/bwago/cmd/web/middleware.go:12.72,15.3 2 0
github.com/aysf/bwago/cmd/web/middleware.go:19.45,30.2 3 1
github.com/aysf/bwago/cmd/web/middleware.go:33.50,35.2 1 1
github.com/aysf/bwago/cmd/web/routes.go:12.49,38.2 19 1
