mode: set
github.com/aysf/bwago/internal/handlers/handlers.go:30.62,35.2 1 0
github.com/aysf/bwago/internal/handlers/handlers.go:38.51,43.2 1 1
github.com/aysf/bwago/internal/handlers/handlers.go:46.33,48.2 1 1
github.com/aysf/bwago/internal/handlers/handlers.go:51.68,58.2 2 1
github.com/aysf/bwago/internal/handlers/handlers.go:61.69,68.2 1 1
github.com/aysf/bwago/internal/handlers/handlers.go:71.71,73.2 1 1
github.com/aysf/bwago/internal/handlers/handlers.go:76.75,79.9 2 1
github.com/aysf/bwago/internal/handlers/handlers.go:87.2,88.16 2 1
github.com/aysf/bwago/internal/handlers/handlers.go:96.2,114.4 10 1
github.com/aysf/bwago/internal/handlers/handlers.go:79.9,85.3 3 1
github.com/aysf/bwago/internal/handlers/handlers.go:88.16,94.3 3 1
github.com/aysf/bwago/internal/handlers/handlers.go:118.79,120.9 2 1
github.com/aysf/bwago/internal/handlers/handlers.go:128.2,129.16 2 1
github.com/aysf/bwago/internal/handlers/handlers.go:137.2,148.20 9 1
github.com/aysf/bwago/internal/handlers/handlers.go:161.2,162.16 2 1
github.com/aysf/bwago/internal/handlers/handlers.go:170.2,179.16 3 1
github.com/aysf/bwago/internal/handlers/handlers.go:185.2,187.67 2 1
github.com/aysf/bwago/internal/handlers/handlers.go:120.9,126.3 3 1
github.com/aysf/bwago/internal/handlers/handlers.go:129.16,135.3 3 1
github.com/aysf/bwago/internal/handlers/handlers.go:148.20,158.3 5 1
github.com/aysf/bwago/internal/handlers/handlers.go:162.16,168.3 3 1
github.com/aysf/bwago/internal/handlers/handlers.go:179.16,183.3 3 1
github.com/aysf/bwago/internal/handlers/handlers.go:191.72,193.2 1 1
github.com/aysf/bwago/internal/handlers/handlers.go:196.70,198.2 1 1
github.com/aysf/bwago/internal/handlers/handlers.go:201.76,203.2 1 1
github.com/aysf/bwago/internal/handlers/handlers.go:206.80,208.16 2 1
github.com/aysf/bwago/internal/handlers/handlers.go:221.2,227.16 5 1
github.com/aysf/bwago/internal/handlers/handlers.go:235.2,236.16 2 1
github.com/aysf/bwago/internal/handlers/handlers.go:244.2,245.16 2 1
github.com/aysf/bwago/internal/handlers/handlers.go:253.2,253.29 1 1
github.com/aysf/bwago/internal/handlers/handlers.go:257.2,257.21 1 1
github.com/aysf/bwago/internal/handlers/handlers.go:265.2,277.4 5 1
github.com/aysf/bwago/internal/handlers/handlers.go:208.16,219.3 6 1
github.com/aysf/bwago/internal/handlers/handlers.go:227.16,233.3 3 1
github.com/aysf/bwago/internal/handlers/handlers.go:236.16,242.3 3 1
github.com/aysf/bwago/internal/handlers/handlers.go:245.16,251.3 3 1
github.com/aysf/bwago/internal/handlers/handlers.go:253.29,255.3 1 1
github.com/aysf/bwago/internal/handlers/handlers.go:257.21,263.3 3 1
github.com/aysf/bwago/internal/handlers/handlers.go:289.80,293.16 2 1
github.com/aysf/bwago/internal/handlers/handlers.go:305.2,316.16 8 1
github.com/aysf/bwago/internal/handlers/handlers.go:327.2,336.16 3 1
github.com/aysf/bwago/internal/handlers/handlers.go:340.2,341.15 2 1
github.com/aysf/bwago/internal/handlers/handlers.go:293.16,303.3 5 1
github.com/aysf/bwago/internal/handlers/handlers.go:316.16,326.3 5 1
github.com/aysf/bwago/internal/handlers/handlers.go:336.16,338.3 1 0
github.com/aysf/bwago/internal/handlers/handlers.go:345.81,348.9 2 1
github.com/aysf/bwago/internal/handlers/handlers.go:354.2,366.4 8 1
github.com/aysf/bwago/internal/handlers/handlers.go:348.9,352.3 3 1
github.com/aysf/bwago/internal/handlers/handlers.go:371.73,376.16 3 1
github.com/aysf/bwago/internal/handlers/handlers.go:384.2,385.9 2 1
github.com/aysf/bwago/internal/handlers/handlers.go:393.2,397.63 3 1
github.com/aysf/bwago/internal/handlers/handlers.go:376.16,382.3 3 1
github.com/aysf/bwago/internal/handlers/handlers.go:385.9,391.3 3 1
github.com/aysf/bwago/internal/handlers/handlers.go:402.72,405.16 2 0
github.com/aysf/bwago/internal/handlers/handlers.go:411.2,416.16 5 0
github.com/aysf/bwago/internal/handlers/handlers.go:422.2,423.16 2 0
github.com/aysf/bwago/internal/handlers/handlers.go:429.2,432.16 3 0
github.com/aysf/bwago/internal/handlers/handlers.go:438.2,445.73 6 0
github.com/aysf/bwago/internal/handlers/handlers.go:405.16,409.3 3 0
github.com/aysf/bwago/internal/handlers/handlers.go:416.16,420.3 3 0
github.com/aysf/bwago/internal/handlers/handlers.go:423.16,427.3 3 0
github.com/aysf/bwago/internal/handlers/handlers.go:432.16,436.3 3 0
